<?xml version="1.0" encoding="UTF-8"?>
<!-- Generated by org.testng.reporters.JUnitXMLReporter -->
<testsuite ignored="0" hostname="inlen8520015750" failures="0" tests="5" name="Default test" time="158.352" errors="0" timestamp="2024-02-29T11:53:00 IST">
  <testcase classname="TestMethods.Nobroker" name="login" time="10.326"/>
  <testcase classname="TestMethods.Nobroker" name="validate_profile" time="1.053"/>
  <testcase classname="TestMethods.Nobroker" name="navigate_menu" time="55.06"/>
  <testcase classname="TestMethods.Nobroker" name="post" time="8.515"/>
  <testcase classname="TestMethods.Nobroker" name="post_ad" time="69.941"/>
</testsuite> <!-- Default test -->
