<?xml version="1.0" encoding="UTF-8"?>
<testng-results ignored="0" total="5" passed="5" failed="0" skipped="0">
  <reporter-output>
  </reporter-output>
  <suite started-at="2024-02-29T11:50:22 IST" name="Default suite" finished-at="2024-02-29T11:53:00 IST" duration-ms="158352">
    <groups>
    </groups>
    <test started-at="2024-02-29T11:50:22 IST" name="Default test" finished-at="2024-02-29T11:53:00 IST" duration-ms="158352">
      <class name="TestMethods.Nobroker">
        <test-method is-config="true" signature="beforeTest()[pri:0, instance:TestMethods.Nobroker@5e2c3d18]" started-at="2024-02-29T11:50:22 IST" name="beforeTest" finished-at="2024-02-29T11:50:35 IST" duration-ms="13321" status="PASS">
          <reporter-output>
          </reporter-output>
        </test-method> <!-- beforeTest -->
        <test-method signature="login()[pri:0, instance:TestMethods.Nobroker@5e2c3d18]" started-at="2024-02-29T11:50:35 IST" name="login" finished-at="2024-02-29T11:50:45 IST" duration-ms="10326" status="PASS">
          <reporter-output>
          </reporter-output>
        </test-method> <!-- login -->
        <test-method signature="validate_profile()[pri:1, instance:TestMethods.Nobroker@5e2c3d18]" started-at="2024-02-29T11:50:45 IST" name="validate_profile" finished-at="2024-02-29T11:50:46 IST" duration-ms="1053" status="PASS">
          <reporter-output>
          </reporter-output>
        </test-method> <!-- validate_profile -->
        <test-method signature="navigate_menu()[pri:2, instance:TestMethods.Nobroker@5e2c3d18]" started-at="2024-02-29T11:50:46 IST" name="navigate_menu" finished-at="2024-02-29T11:51:42 IST" duration-ms="55060" status="PASS">
          <reporter-output>
          </reporter-output>
        </test-method> <!-- navigate_menu -->
        <test-method signature="post()[pri:3, instance:TestMethods.Nobroker@5e2c3d18]" started-at="2024-02-29T11:51:42 IST" name="post" finished-at="2024-02-29T11:51:50 IST" duration-ms="8515" status="PASS">
          <reporter-output>
          </reporter-output>
        </test-method> <!-- post -->
        <test-method signature="post_ad()[pri:4, instance:TestMethods.Nobroker@5e2c3d18]" started-at="2024-02-29T11:51:50 IST" name="post_ad" finished-at="2024-02-29T11:53:00 IST" duration-ms="69941" status="PASS">
          <reporter-output>
          </reporter-output>
        </test-method> <!-- post_ad -->
      </class> <!-- TestMethods.Nobroker -->
    </test> <!-- Default test -->
  </suite> <!-- Default suite -->
</testng-results>
